<?xml version="1.0" encoding="UTF-8"?>
<!-- Generated by org.testng.reporters.JUnitReportReporter -->
<testsuite hostname="LTIN238693" failures="0" tests="1" name="TestCase.testcase2" time="2.440" errors="0" timestamp="2024-02-29T11:42:22 IST" skipped="0">
  <testcase classname="TestCase.testcase2" name="form" time="2.440"/>
</testsuite> <!-- TestCase.testcase2 -->
