<?xml version="1.0" encoding="UTF-8"?>
<!-- Generated by org.testng.reporters.JUnitReportReporter -->
<testsuite hostname="LTIN238693" failures="0" tests="7" name="TestCase.TestCases" time="76.001" errors="0" timestamp="2024-02-23T14:09:08 IST" skipped="0">
  <testcase classname="TestCase.TestCases" name="setSearch" time="28.367"/>
  <testcase classname="TestCase.TestCases" name="selectLanguage" time="1.576"/>
  <testcase classname="TestCase.TestCases" name="selectLevel" time="1.787"/>
  <testcase classname="TestCase.TestCases" name="printCourses" time="1.243"/>
  <testcase classname="TestCase.TestCases" name="printLanguages" time="30.021"/>
  <testcase classname="TestCase.TestCases" name="printLevels" time="0.073"/>
  <testcase classname="TestCase.TestCases" name="clickForEnterprices" time="12.934"/>
</testsuite> <!-- TestCase.TestCases -->
