<?xml version="1.0" encoding="UTF-8"?>
<!-- Generated by org.testng.reporters.JUnitReportReporter -->
<testsuite hostname="LTIN238693" failures="0" tests="7" name="TestCase.testcase1" time="205.022" errors="0" timestamp="2024-02-29T11:42:22 IST" skipped="0">
  <testcase classname="TestCase.testcase1" name="SetSearch" time="40.209"/>
  <testcase classname="TestCase.testcase1" name="SelectLanguage" time="6.684"/>
  <testcase classname="TestCase.testcase1" name="SelectLevel" time="0.680"/>
  <testcase classname="TestCase.testcase1" name="PrintCourses" time="8.354"/>
  <testcase classname="TestCase.testcase1" name="Businesses" time="65.146"/>
  <testcase classname="TestCase.testcase1" name="Solution" time="82.915"/>
  <testcase classname="TestCase.testcase1" name="printToExcel" time="1.034"/>
</testsuite> <!-- TestCase.testcase1 -->
